  [1m[35m (0.1ms)[0m  [1m[34mSELECT sqlite_version(*)[0m
  [1m[35m (105.5ms)[0m  [1m[35mCREATE TABLE "schema_migrations" ("version" varchar NOT NULL PRIMARY KEY)[0m
  [1m[35m (173.7ms)[0m  [1m[35mCREATE TABLE "ar_internal_metadata" ("key" varchar NOT NULL PRIMARY KEY, "value" varchar, "created_at" datetime NOT NULL, "updated_at" datetime NOT NULL)[0m
  [1m[35m (0.2ms)[0m  [1m[34mSELECT "schema_migrations"."version" FROM "schema_migrations" ORDER BY "schema_migrations"."version" ASC[0m
Migrating to CreateUsers (20170809141059)
  [1m[35m (0.1ms)[0m  [1m[36mbegin transaction[0m
  [1m[35m (0.7ms)[0m  [1m[35mCREATE TABLE "users" ("id" INTEGER PRIMARY KEY AUTOINCREMENT NOT NULL, "name" varchar, "email" varchar, "created_at" datetime NOT NULL, "updated_at" datetime NOT NULL)[0m
  [1m[35mSQL (0.3ms)[0m  [1m[32mINSERT INTO "schema_migrations" ("version") VALUES (?)[0m  [["version", "20170809141059"]]
  [1m[35m (98.2ms)[0m  [1m[36mcommit transaction[0m
  [1m[36mActiveRecord::InternalMetadata Load (0.6ms)[0m  [1m[34mSELECT  "ar_internal_metadata".* FROM "ar_internal_metadata" WHERE "ar_internal_metadata"."key" = ? LIMIT ?[0m  [["key", "environment"], ["LIMIT", 1]]
  [1m[35m (0.1ms)[0m  [1m[36mbegin transaction[0m
  [1m[35mSQL (0.4ms)[0m  [1m[32mINSERT INTO "ar_internal_metadata" ("key", "value", "created_at", "updated_at") VALUES (?, ?, ?, ?)[0m  [["key", "environment"], ["value", "development"], ["created_at", "2017-08-09 14:12:51.355558"], ["updated_at", "2017-08-09 14:12:51.355558"]]
  [1m[35m (91.9ms)[0m  [1m[36mcommit transaction[0m
  [1m[35m (0.3ms)[0m  [1m[34mSELECT "schema_migrations"."version" FROM "schema_migrations" ORDER BY "schema_migrations"."version" ASC[0m
Started GET "/" for 127.0.0.1 at 2017-08-09 11:25:54 -0300
  [1m[35m (0.2ms)[0m  [1m[34mSELECT "schema_migrations"."version" FROM "schema_migrations" ORDER BY "schema_migrations"."version" ASC[0m
Processing by ApplicationController#hello as HTML
  Rendering html template
  Rendered html template (0.1ms)
Completed 200 OK in 30ms (Views: 18.6ms | ActiveRecord: 0.0ms)


Started GET "/" for 127.0.0.1 at 2017-08-09 11:27:06 -0300
Processing by ApplicationController#hello as HTML
  Rendering html template
  Rendered html template (0.0ms)
Completed 200 OK in 1ms (Views: 0.6ms | ActiveRecord: 0.0ms)


Started GET "/users" for 127.0.0.1 at 2017-08-09 11:27:24 -0300
Processing by UsersController#index as HTML
  Rendering users/index.html.erb within layouts/application
  [1m[36mUser Load (0.3ms)[0m  [1m[34mSELECT "users".* FROM "users"[0m
  Rendered users/index.html.erb within layouts/application (20.8ms)
Completed 200 OK in 3318ms (Views: 3304.0ms | ActiveRecord: 1.1ms)


Started GET "/users/new" for 127.0.0.1 at 2017-08-09 11:27:37 -0300
Processing by UsersController#new as HTML
  Rendering users/new.html.erb within layouts/application
  Rendered users/_form.html.erb (243.6ms)
  Rendered users/new.html.erb within layouts/application (245.9ms)
Completed 200 OK in 309ms (Views: 294.8ms | ActiveRecord: 1.0ms)


Started GET "/users/1" for 127.0.0.1 at 2017-08-09 11:28:57 -0300
Processing by UsersController#show as HTML
  Parameters: {"id"=>"1"}
  [1m[36mUser Load (0.5ms)[0m  [1m[34mSELECT  "users".* FROM "users" WHERE "users"."id" = ? LIMIT ?[0m  [["id", 1], ["LIMIT", 1]]
Completed 404 Not Found in 32ms (ActiveRecord: 0.5ms)


  
ActiveRecord::RecordNotFound (Couldn't find User with 'id'=1):
  
app/controllers/users_controller.rb:67:in `set_user'
Started POST "/users" for 127.0.0.1 at 2017-08-09 11:29:13 -0300
Processing by UsersController#create as HTML
  Parameters: {"utf8"=>"✓", "authenticity_token"=>"pUDX6IyddpoelDCYhiaNUkkwS5WKcotw8CeDWOnX5qleO1ltDHHR8QjEyvQ18vC9o/1grJSogxSCofznK7BroA==", "user"=>{"name"=>"cris", "email"=>"araujocristian@live.com"}, "commit"=>"Create User"}
  [1m[35m (0.1ms)[0m  [1m[36mbegin transaction[0m
  [1m[35mSQL (2.1ms)[0m  [1m[32mINSERT INTO "users" ("name", "email", "created_at", "updated_at") VALUES (?, ?, ?, ?)[0m  [["name", "cris"], ["email", "araujocristian@live.com"], ["created_at", "2017-08-09 14:29:13.257708"], ["updated_at", "2017-08-09 14:29:13.257708"]]
  [1m[35m (96.1ms)[0m  [1m[36mcommit transaction[0m
Redirected to http://localhost:3000/users/1
Completed 302 Found in 110ms (ActiveRecord: 98.4ms)


Started GET "/users/1" for 127.0.0.1 at 2017-08-09 11:29:13 -0300
Processing by UsersController#show as HTML
  Parameters: {"id"=>"1"}
  [1m[36mUser Load (0.2ms)[0m  [1m[34mSELECT  "users".* FROM "users" WHERE "users"."id" = ? LIMIT ?[0m  [["id", 1], ["LIMIT", 1]]
  Rendering users/show.html.erb within layouts/application
  Rendered users/show.html.erb within layouts/application (2.6ms)
Completed 200 OK in 62ms (Views: 43.0ms | ActiveRecord: 0.2ms)


Started GET "/users/1/edit" for 127.0.0.1 at 2017-08-09 11:29:23 -0300
Processing by UsersController#edit as HTML
  Parameters: {"id"=>"1"}
  [1m[36mUser Load (0.4ms)[0m  [1m[34mSELECT  "users".* FROM "users" WHERE "users"."id" = ? LIMIT ?[0m  [["id", 1], ["LIMIT", 1]]
  Rendering users/edit.html.erb within layouts/application
  Rendered users/_form.html.erb (6.3ms)
  Rendered users/edit.html.erb within layouts/application (13.2ms)
Completed 200 OK in 69ms (Views: 64.7ms | ActiveRecord: 0.4ms)


Started PATCH "/users/1" for 127.0.0.1 at 2017-08-09 11:29:28 -0300
Processing by UsersController#update as HTML
  Parameters: {"utf8"=>"✓", "authenticity_token"=>"196DKID7plRpDAkuLBD2bKWU8l9SbeM35tWp2LlrTZCDaFX75/PhuA1auusd4tzT2QqXR6nCCLECETYpxdzDJA==", "user"=>{"name"=>"Cristian Araujo", "email"=>"araujocristian@live.com"}, "commit"=>"Update User", "id"=>"1"}
  [1m[36mUser Load (0.3ms)[0m  [1m[34mSELECT  "users".* FROM "users" WHERE "users"."id" = ? LIMIT ?[0m  [["id", 1], ["LIMIT", 1]]
  [1m[35m (0.2ms)[0m  [1m[36mbegin transaction[0m
  [1m[35mSQL (3.2ms)[0m  [1m[33mUPDATE "users" SET "name" = ?, "updated_at" = ? WHERE "users"."id" = ?[0m  [["name", "Cristian Araujo"], ["updated_at", "2017-08-09 14:29:28.798000"], ["id", 1]]
  [1m[35m (168.0ms)[0m  [1m[36mcommit transaction[0m
Redirected to http://localhost:3000/users/1
Completed 302 Found in 183ms (ActiveRecord: 171.6ms)


Started GET "/users/1" for 127.0.0.1 at 2017-08-09 11:29:28 -0300
Processing by UsersController#show as HTML
  Parameters: {"id"=>"1"}
  [1m[36mUser Load (0.2ms)[0m  [1m[34mSELECT  "users".* FROM "users" WHERE "users"."id" = ? LIMIT ?[0m  [["id", 1], ["LIMIT", 1]]
  Rendering users/show.html.erb within layouts/application
  Rendered users/show.html.erb within layouts/application (1.6ms)
Completed 200 OK in 35ms (Views: 32.0ms | ActiveRecord: 0.2ms)


Started GET "/users" for 127.0.0.1 at 2017-08-09 11:30:17 -0300
Processing by UsersController#index as HTML
  Rendering users/index.html.erb within layouts/application
  [1m[36mUser Load (0.3ms)[0m  [1m[34mSELECT "users".* FROM "users"[0m
  Rendered users/index.html.erb within layouts/application (2.7ms)
Completed 200 OK in 35ms (Views: 32.3ms | ActiveRecord: 0.3ms)


Started GET "/users/new" for 127.0.0.1 at 2017-08-09 11:32:27 -0300
Processing by UsersController#new as HTML
  Rendering users/new.html.erb within layouts/application
  Rendered users/_form.html.erb (4.8ms)
  Rendered users/new.html.erb within layouts/application (7.3ms)
Completed 200 OK in 55ms (Views: 53.0ms | ActiveRecord: 0.0ms)


Started POST "/users" for 127.0.0.1 at 2017-08-09 11:32:41 -0300
Processing by UsersController#create as HTML
  Parameters: {"utf8"=>"✓", "authenticity_token"=>"sisynULxQFB0zr0qA+QatXixozqTakbRWaK4UvJFIXHVnAJSlijZAD72Pcyx4BCEfi6CVnDNsGLU8bvoT7dupA==", "user"=>{"name"=>"Foo Bar", "email"=>"foo@bar.com"}, "commit"=>"Create User"}
  [1m[35m (0.2ms)[0m  [1m[36mbegin transaction[0m
  [1m[35mSQL (0.4ms)[0m  [1m[32mINSERT INTO "users" ("name", "email", "created_at", "updated_at") VALUES (?, ?, ?, ?)[0m  [["name", "Foo Bar"], ["email", "foo@bar.com"], ["created_at", "2017-08-09 14:32:41.802804"], ["updated_at", "2017-08-09 14:32:41.802804"]]
  [1m[35m (146.5ms)[0m  [1m[36mcommit transaction[0m
Redirected to http://localhost:3000/users/2
Completed 302 Found in 155ms (ActiveRecord: 147.2ms)


Started GET "/users/2" for 127.0.0.1 at 2017-08-09 11:32:41 -0300
Processing by UsersController#show as HTML
  Parameters: {"id"=>"2"}
  [1m[36mUser Load (0.2ms)[0m  [1m[34mSELECT  "users".* FROM "users" WHERE "users"."id" = ? LIMIT ?[0m  [["id", 2], ["LIMIT", 1]]
  Rendering users/show.html.erb within layouts/application
  Rendered users/show.html.erb within layouts/application (1.8ms)
Completed 200 OK in 33ms (Views: 29.7ms | ActiveRecord: 0.2ms)


Started GET "/users" for 127.0.0.1 at 2017-08-09 11:32:47 -0300
Processing by UsersController#index as HTML
  Rendering users/index.html.erb within layouts/application
  [1m[36mUser Load (0.4ms)[0m  [1m[34mSELECT "users".* FROM "users"[0m
  Rendered users/index.html.erb within layouts/application (6.8ms)
Completed 200 OK in 50ms (Views: 47.4ms | ActiveRecord: 0.4ms)


Started DELETE "/users/2" for 127.0.0.1 at 2017-08-09 11:33:20 -0300
Processing by UsersController#destroy as HTML
  Parameters: {"authenticity_token"=>"YVKqtJWcJ2AxgK8jh4yE5rouwMZ0MXO5Oqd38PgmVRKaKSQxFXCACyfQVU80WPkJUOPr/2rre91IIQhPOkHYGw==", "id"=>"2"}
  [1m[36mUser Load (0.2ms)[0m  [1m[34mSELECT  "users".* FROM "users" WHERE "users"."id" = ? LIMIT ?[0m  [["id", 2], ["LIMIT", 1]]
  [1m[35m (0.1ms)[0m  [1m[36mbegin transaction[0m
  [1m[35mSQL (0.5ms)[0m  [1m[31mDELETE FROM "users" WHERE "users"."id" = ?[0m  [["id", 2]]
  [1m[35m (68.7ms)[0m  [1m[36mcommit transaction[0m
Redirected to http://localhost:3000/users
Completed 302 Found in 80ms (ActiveRecord: 69.5ms)


Started GET "/users" for 127.0.0.1 at 2017-08-09 11:33:20 -0300
Processing by UsersController#index as HTML
  Rendering users/index.html.erb within layouts/application
  [1m[36mUser Load (0.4ms)[0m  [1m[34mSELECT "users".* FROM "users"[0m
  Rendered users/index.html.erb within layouts/application (4.5ms)
Completed 200 OK in 35ms (Views: 32.8ms | ActiveRecord: 0.4ms)


Started GET "/users/new" for 127.0.0.1 at 2017-08-09 11:35:16 -0300
Processing by UsersController#new as HTML
  Rendering users/new.html.erb within layouts/application
  Rendered users/_form.html.erb (4.7ms)
  Rendered users/new.html.erb within layouts/application (7.0ms)
Completed 200 OK in 60ms (Views: 57.8ms | ActiveRecord: 0.0ms)


Started POST "/users" for 127.0.0.1 at 2017-08-09 11:35:20 -0300
Processing by UsersController#create as HTML
  Parameters: {"utf8"=>"✓", "authenticity_token"=>"6lS5z8VMNwI2tFUeD6ZyNSKzKJKbRs15kMEdlR/SU7KN44kAEZWuUnyM1fi9ongEJCwJ/njhO8odkh4voiAcZw==", "user"=>{"name"=>"cris", "email"=>""}, "commit"=>"Create User"}
  [1m[35m (0.1ms)[0m  [1m[36mbegin transaction[0m
  [1m[35mSQL (0.6ms)[0m  [1m[32mINSERT INTO "users" ("name", "email", "created_at", "updated_at") VALUES (?, ?, ?, ?)[0m  [["name", "cris"], ["email", ""], ["created_at", "2017-08-09 14:35:20.665562"], ["updated_at", "2017-08-09 14:35:20.665562"]]
  [1m[35m (191.4ms)[0m  [1m[36mcommit transaction[0m
Redirected to http://localhost:3000/users/3
Completed 302 Found in 203ms (ActiveRecord: 192.2ms)


Started GET "/users/3" for 127.0.0.1 at 2017-08-09 11:35:20 -0300
Processing by UsersController#show as HTML
  Parameters: {"id"=>"3"}
  [1m[36mUser Load (0.2ms)[0m  [1m[34mSELECT  "users".* FROM "users" WHERE "users"."id" = ? LIMIT ?[0m  [["id", 3], ["LIMIT", 1]]
  Rendering users/show.html.erb within layouts/application
  Rendered users/show.html.erb within layouts/application (1.1ms)
Completed 200 OK in 31ms (Views: 29.2ms | ActiveRecord: 0.2ms)


Started GET "/users/3/edit" for 127.0.0.1 at 2017-08-09 11:35:34 -0300
Processing by UsersController#edit as HTML
  Parameters: {"id"=>"3"}
  [1m[36mUser Load (0.2ms)[0m  [1m[34mSELECT  "users".* FROM "users" WHERE "users"."id" = ? LIMIT ?[0m  [["id", 3], ["LIMIT", 1]]
  Rendering users/edit.html.erb within layouts/application
  Rendered users/_form.html.erb (9.1ms)
  Rendered users/edit.html.erb within layouts/application (11.8ms)
Completed 200 OK in 50ms (Views: 47.3ms | ActiveRecord: 0.2ms)


Started GET "/users" for 127.0.0.1 at 2017-08-09 11:35:35 -0300
Processing by UsersController#index as HTML
  Rendering users/index.html.erb within layouts/application
  [1m[36mUser Load (0.4ms)[0m  [1m[34mSELECT "users".* FROM "users"[0m
  Rendered users/index.html.erb within layouts/application (5.9ms)
Completed 200 OK in 42ms (Views: 40.0ms | ActiveRecord: 0.4ms)


Started GET "/users/new" for 127.0.0.1 at 2017-08-09 11:35:36 -0300
Processing by UsersController#new as HTML
  Rendering users/new.html.erb within layouts/application
  Rendered users/_form.html.erb (4.5ms)
  Rendered users/new.html.erb within layouts/application (7.0ms)
Completed 200 OK in 48ms (Views: 45.8ms | ActiveRecord: 0.0ms)


Started POST "/users" for 127.0.0.1 at 2017-08-09 11:35:44 -0300
Processing by UsersController#create as HTML
  Parameters: {"utf8"=>"✓", "authenticity_token"=>"Wp9x60VuLTlgX6HS1jpEvCBzHfeOkU+n8+9rOujNfeo9KEEkkbe0aSpnITRkPk6NJuw8m202uRR+vGiAVT8yPw==", "user"=>{"name"=>"", "email"=>"@example.com"}, "commit"=>"Create User"}
  [1m[35m (0.1ms)[0m  [1m[36mbegin transaction[0m
  [1m[35mSQL (0.8ms)[0m  [1m[32mINSERT INTO "users" ("name", "email", "created_at", "updated_at") VALUES (?, ?, ?, ?)[0m  [["name", ""], ["email", "@example.com"], ["created_at", "2017-08-09 14:35:44.611234"], ["updated_at", "2017-08-09 14:35:44.611234"]]
  [1m[35m (172.6ms)[0m  [1m[36mcommit transaction[0m
Redirected to http://localhost:3000/users/4
Completed 302 Found in 184ms (ActiveRecord: 173.6ms)


Started GET "/users/4" for 127.0.0.1 at 2017-08-09 11:35:44 -0300
Processing by UsersController#show as HTML
  Parameters: {"id"=>"4"}
  [1m[36mUser Load (0.6ms)[0m  [1m[34mSELECT  "users".* FROM "users" WHERE "users"."id" = ? LIMIT ?[0m  [["id", 4], ["LIMIT", 1]]
  Rendering users/show.html.erb within layouts/application
  Rendered users/show.html.erb within layouts/application (2.7ms)
Completed 200 OK in 32ms (Views: 28.0ms | ActiveRecord: 0.6ms)


Started GET "/users" for 127.0.0.1 at 2017-08-09 11:36:15 -0300
Processing by UsersController#index as HTML
  Rendering users/index.html.erb within layouts/application
  [1m[36mUser Load (0.4ms)[0m  [1m[34mSELECT "users".* FROM "users"[0m
  Rendered users/index.html.erb within layouts/application (5.4ms)
Completed 200 OK in 50ms (Views: 47.3ms | ActiveRecord: 0.4ms)


Started DELETE "/users/4" for 127.0.0.1 at 2017-08-09 11:36:35 -0300
Processing by UsersController#destroy as HTML
  Parameters: {"authenticity_token"=>"WQH9+nyFhP4KtRYHrTgd9zy1C6lyXSfKE25ZqEcx1yeienN//GkjlRzl7Gse7GAY1nggkGyHL65h6CYXhVZaLg==", "id"=>"4"}
  [1m[36mUser Load (0.2ms)[0m  [1m[34mSELECT  "users".* FROM "users" WHERE "users"."id" = ? LIMIT ?[0m  [["id", 4], ["LIMIT", 1]]
  [1m[35m (0.1ms)[0m  [1m[36mbegin transaction[0m
  [1m[35mSQL (0.4ms)[0m  [1m[31mDELETE FROM "users" WHERE "users"."id" = ?[0m  [["id", 4]]
  [1m[35m (84.9ms)[0m  [1m[36mcommit transaction[0m
Redirected to http://localhost:3000/users
Completed 302 Found in 93ms (ActiveRecord: 85.6ms)


Started GET "/users" for 127.0.0.1 at 2017-08-09 11:36:36 -0300
Processing by UsersController#index as HTML
  Rendering users/index.html.erb within layouts/application
  [1m[36mUser Load (0.3ms)[0m  [1m[34mSELECT "users".* FROM "users"[0m
  Rendered users/index.html.erb within layouts/application (4.2ms)
Completed 200 OK in 47ms (Views: 45.0ms | ActiveRecord: 0.3ms)


Started GET "/users" for 127.0.0.1 at 2017-08-09 13:24:23 -0300
Processing by UsersController#index as HTML
  Rendering users/index.html.erb within layouts/application
  [1m[36mUser Load (0.2ms)[0m  [1m[34mSELECT "users".* FROM "users"[0m
  Rendered users/index.html.erb within layouts/application (11.5ms)
Completed 200 OK in 56ms (Views: 47.8ms | ActiveRecord: 1.3ms)


Started GET "/" for 127.0.0.1 at 2017-08-09 13:24:26 -0300
Processing by UsersController#index as HTML
  Rendering users/index.html.erb within layouts/application
  [1m[36mUser Load (0.3ms)[0m  [1m[34mSELECT "users".* FROM "users"[0m
  Rendered users/index.html.erb within layouts/application (3.2ms)
Completed 200 OK in 32ms (Views: 30.0ms | ActiveRecord: 0.3ms)


Started DELETE "/users/3" for 127.0.0.1 at 2017-08-09 13:24:31 -0300
Processing by UsersController#destroy as HTML
  Parameters: {"authenticity_token"=>"73FGuCK4Lg7jUTFIVCIKLAugMOfNw7ixu2W9ycbrVikUCsg9olSJZfUByyTn9nfD4W0b3tMZsNXJ48J2BIzbIA==", "id"=>"3"}
  [1m[36mUser Load (0.4ms)[0m  [1m[34mSELECT  "users".* FROM "users" WHERE "users"."id" = ? LIMIT ?[0m  [["id", 3], ["LIMIT", 1]]
  [1m[35m (0.1ms)[0m  [1m[36mbegin transaction[0m
  [1m[35mSQL (0.4ms)[0m  [1m[31mDELETE FROM "users" WHERE "users"."id" = ?[0m  [["id", 3]]
  [1m[35m (89.1ms)[0m  [1m[36mcommit transaction[0m
Redirected to http://localhost:3000/users
Completed 302 Found in 97ms (ActiveRecord: 90.1ms)


Started GET "/users" for 127.0.0.1 at 2017-08-09 13:24:32 -0300
Processing by UsersController#index as HTML
  Rendering users/index.html.erb within layouts/application
  [1m[36mUser Load (0.4ms)[0m  [1m[34mSELECT "users".* FROM "users"[0m
  Rendered users/index.html.erb within layouts/application (4.1ms)
Completed 200 OK in 33ms (Views: 30.7ms | ActiveRecord: 0.4ms)


Started GET "/" for 127.0.0.1 at 2017-08-09 13:24:36 -0300
Processing by UsersController#index as HTML
  Rendering users/index.html.erb within layouts/application
  [1m[36mUser Load (0.4ms)[0m  [1m[34mSELECT "users".* FROM "users"[0m
  Rendered users/index.html.erb within layouts/application (4.1ms)
Completed 200 OK in 35ms (Views: 32.7ms | ActiveRecord: 0.4ms)


Started GET "/users/1/edit" for 127.0.0.1 at 2017-08-09 14:39:26 -0300
Processing by UsersController#edit as HTML
  Parameters: {"id"=>"1"}
  [1m[36mUser Load (0.2ms)[0m  [1m[34mSELECT  "users".* FROM "users" WHERE "users"."id" = ? LIMIT ?[0m  [["id", 1], ["LIMIT", 1]]
  Rendering users/edit.html.erb within layouts/application
  Rendered users/_form.html.erb (4.6ms)
  Rendered users/edit.html.erb within layouts/application (9.1ms)
Completed 200 OK in 51ms (Views: 48.4ms | ActiveRecord: 0.2ms)


  [1m[35m (0.2ms)[0m  [1m[34mSELECT "schema_migrations"."version" FROM "schema_migrations" ORDER BY "schema_migrations"."version" ASC[0m
Migrating to CreateMicroposts (20170809180815)
  [1m[35m (0.1ms)[0m  [1m[36mbegin transaction[0m
  [1m[35m (0.2ms)[0m  [1m[34mSELECT sqlite_version(*)[0m
  [1m[35m (0.7ms)[0m  [1m[35mCREATE TABLE "microposts" ("id" INTEGER PRIMARY KEY AUTOINCREMENT NOT NULL, "content" text, "user_id" integer, "created_at" datetime NOT NULL, "updated_at" datetime NOT NULL)[0m
  [1m[35mSQL (0.3ms)[0m  [1m[32mINSERT INTO "schema_migrations" ("version") VALUES (?)[0m  [["version", "20170809180815"]]
  [1m[35m (113.0ms)[0m  [1m[36mcommit transaction[0m
  [1m[36mActiveRecord::InternalMetadata Load (0.4ms)[0m  [1m[34mSELECT  "ar_internal_metadata".* FROM "ar_internal_metadata" WHERE "ar_internal_metadata"."key" = ? LIMIT ?[0m  [["key", "environment"], ["LIMIT", 1]]
  [1m[35m (0.1ms)[0m  [1m[36mbegin transaction[0m
  [1m[35m (0.2ms)[0m  [1m[36mcommit transaction[0m
  [1m[35m (0.3ms)[0m  [1m[34mSELECT "schema_migrations"."version" FROM "schema_migrations" ORDER BY "schema_migrations"."version" ASC[0m
